<?xml version="1.0" encoding="UTF-8"?>
<testng-results skipped="0" failed="0" total="1" passed="1">
  <reporter-output>
  </reporter-output>
  <suite name="Suite" duration-ms="1000" started-at="2022-05-16T11:55:46Z" finished-at="2022-05-16T11:55:47Z">
    <groups>
    </groups>
    <test name="Default test" duration-ms="1000" started-at="2022-05-16T11:55:46Z" finished-at="2022-05-16T11:55:47Z">
      <class name="Runner.TestRunner">
        <test-method status="PASS" signature="runCukes()[pri:0, instance:Runner.TestRunner@20deea7f]" name="runCukes" duration-ms="983" started-at="2022-05-16T17:25:46Z" finished-at="2022-05-16T17:25:47Z">
          <reporter-output>
          </reporter-output>
        </test-method> <!-- runCukes -->
      </class> <!-- Runner.TestRunner -->
    </test> <!-- Default test -->
  </suite> <!-- Suite -->
</testng-results>
